creating temp folder
[H[2J[3J
[33;5m[INFO] [0mChecking cert-manager installation status...

[33;5m[INFO] [0mChecking to see if any cert-manager is installed

No resources found

[33m[✗] There is a cert-manager-webhook pod Running, so most likely another cert-manager is already installed
[0m

[33;5m[INFO] [0mContinue to check further


[33;5m[INFO] [0mIBM cert-manager is already installed in the correct namespace: ibm-cert-manager

[33;5m[INFO] [0mPre-existing cert-manager found on the cluster.

[33;5m[INFO] [0mSetting up the cluster for IBM Cloud Pak for Business Automation

[1mDo you wish to setup the cluster for an airgap/offline based CP4BA deployment :[0m No

[1mWhat type of cloud platform is selected?[0m OCP

[1mWhat type of deployment is performed?[0m production

[33m[NOTES] If you plan to enable FIPS for the CP4BA deployment, this script can verify whether FIPS is enabled on the compute nodes of the OCP cluster.(B[m
[1mWould you like to proceed with this check? (Yes/No, default: No): No[0m
[33m[NOTES] You can install the CP4BA deployment as either a private catalog (namespace scope) or the global catalog namespace (GCN). The private option uses the same target namespace of the CP4BA deployment, while the GCN uses the openshift-marketplace namespace.(B[m
[1mWould you like to deploy CP4BA using the private catalog (recommended)? (Yes/No, default: Yes): No[0m

[33m[NOTES] The CP4BA deployment supports the separation of operators and operands. This script can deploy the CP4BA operators and their capabilities in different projects.(B[m
[1mWould you like to deploy CP4BA with the separation of operators and operands? (Yes/No, default: No): No[0m

[33;5m[INFO] [0mFound the existing Cloud Pak for Business Automation Operator (Pod, CSV, Subscription) in different project "cp4ba-baw-authoring-myproduction cp4ba-baw-authoring-prod cp4ba-baw-production"!

[1mDo you want to deploy another CP4BA Operator in new project "cp4ba-baw-bai-production"? (Yes/No, default: No) Yes
[0m[1mProject "cp4ba-baw-bai-production" already exists! Continue...[0m

[33;5m[INFO] [0mCreating ibm-cp4ba-common-config configMap for this CP4BA deployment in the project "cp4ba-baw-bai-production"

[32m[✔] Created ibm-cp4ba-common-config configMap for this CP4BA deployment in the project "cp4ba-baw-bai-production".[0m
===========================================================================
[1mStarting silent installation for Cloud Pak for Business Automation Operator[0m
===========================================================================
[1mThis script prepares the OLM for deploying certain Cloud Pak for Business Automation capabilities [0m

[H[2J[3J[1m[INFO] No user found in cluster.
[0m
[33;5mATTENTION: [0m[1mWhen you run cp4a-deployment.sh script, Use cluster admin user.
[0m


[33;5m[INFO] [0mCreating cp4ba-fips-status configMap in the project "cp4ba-baw-bai-production"

[32m[✔] The cp4ba-fips-status ConfigMap has been created in the project. "cp4ba-baw-bai-production".[0m


[1;31mFollow the instructions on how to get your Entitlement Key: 
[0m[1;31mhttps://www.ibm.com/docs/en/cloud-paks/cp-biz-automation/25.0.1?topic=deployment-getting-access-images-from-public-entitled-registry
[0m
[1mDo you have a Cloud Pak for Business Automation Entitlement Registry key? (Yes/No, default: Yes):[0m Yes
[1mEnter your Entitlement Registry key: [0m
[1mVerifying the Entitlement Registry key...
[0mLogin Succeeded!
Entitlement Registry key is valid.

[1mThe existing storage classes in the cluster: [0m
NAME                                             PROVISIONER                             RECLAIMPOLICY   VOLUMEBINDINGMODE   ALLOWVOLUMEEXPANSION   AGE
ocs-external-storagecluster-ceph-rbd (default)   openshift-storage.rbd.csi.ceph.com      Delete          Immediate           true                   21d
ocs-external-storagecluster-cephfs               openshift-storage.cephfs.csi.ceph.com   Delete          Immediate           true                   21d
openshift-storage.noobaa.io                      openshift-storage.noobaa.io/obc         Delete          Immediate           false                  21d
[1mCreating docker-registry secret for Entitlement Registry key in the project cp4ba-baw-bai-production...
[0msecret/ibm-entitlement-key created
[1mDone[0m

[33;5m[INFO] [0mApplying the latest IBM CP4BA Operator catalog source...

[32m[✔] The IBM CP4BA Operator catalog source has been updated![0m


[33;5m[INFO] [0mStarting the installation of IBM Cert Manager and IBM Licensing Operator ...

[32m[✔] ibm-cert-manager-catalog pod is ready![0m
All arguments passed into the setup_singleton.sh: --enable-licensing --license-accept --yq /tmp/cp4ba-pkmgr-inst-marco-17074/ibm-cp-automation-25.1.0/ibm-cp-automation/inventory/cp4aOperatorSdk/files/deploy/crs/cert-kubernetes/scripts/cpfs/yq/amd64/yq -c v4.2

[32m[✔] oc command available[0m
[32m[✔] /tmp/cp4ba-pkmgr-inst-marco-17074/ibm-cp-automation-25.1.0/ibm-cp-automation/inventory/cp4aOperatorSdk/files/deploy/crs/cert-kubernetes/scripts/cpfs/yq/amd64/yq command available[0m
[32m[✔] oc command logged in as kube:admin[0m
[32m[✔] Channel v4.2 is valid[0m
[INFO] Major version is greater than 3, skipping delegation check

[34m# Check migrating LTSR ibm-licensing-operator[0m
Wait for licensing instance deployment to be ready...
[INFO] Found licensing instance
[INFO] There is no LTSR ibm-licensing-operator to migrate, skipping
[34m# Check migrating and deactivating LTSR ibm-cert-manager-operator[0m
[INFO] LTSR ibm-cert-manager-operator already deactivated, skipping
[34m# Installing cert-manager
[0m
[33m[✗] There is a cert-manager Subscription already
[0m
[33m[✗] There is a cert-manager-webhook pod Running, so most likely another cert-manager is already installed
[0m
[INFO] Continue to upgrade check

[INFO] Upgrading ibm-cert-manager-operator to channel: v4.2

[34m# Validate CatalogSource for operator ibm-cert-manager-operator in ibm-cert-manager namespace[0m
[32m[✔] CatalogSource ibm-cert-manager-catalog from openshift-marketplace CatalogSourceNamespace is available for ibm-cert-manager-operator in ibm-cert-manager namespace[0m
[34m# Checking whether Namespace ibm-cert-manager exist...[0m
[32m[✔] Namespace ibm-cert-manager already exists. Skip creating
[0m
[34m# Checking whether OperatorGroup in ibm-cert-manager exist...[0m
[32m[✔] OperatorGroup already exists in ibm-cert-manager. Skip creating
[0m
[34m# Updating ibm-cert-manager-operator in namesapce ibm-cert-manager...[0m
[INFO] v4.2 is equal to v4.2
[INFO] catalogsource ibm-cert-manager-catalog is the same as ibm-cert-manager-catalog
[INFO] ibm-cert-manager-operator has already updated channel v4.2 and catalogsource ibm-cert-manager-catalog in the subscription.
subscription.operators.coreos.com/ibm-cert-manager-operator configured
[32m[✔] Successfully patched subscription ibm-cert-manager-operator in ibm-cert-manager[0m
[INFO] Waiting for operator ibm-cert-manager-operator to be upgraded
[32m[✔] Operator ibm-cert-manager-operator is upgraded to latest version in channel v4.2
[0m
[INFO] Waiting for operator ibm-cert-manager-operator CSV in namespace ibm-cert-manager to be bound to Subscription
[32m[✔] Operator ibm-cert-manager-operator CSV in namespace ibm-cert-manager is bound to Subscription
[0m
[INFO] Waiting for operator ibm-cert-manager-operator in namespace ibm-cert-manager to become available
[32m[✔] Operator ibm-cert-manager-operator in namespace ibm-cert-manager is available
[0m
[34m# Accepting license for certmanagerconfig.operator.ibm.com default in namespace ...[0m
[32m[✔] License accepted for certmanagerconfig.operator.ibm.com default
[0m
[34m# Validate CatalogSource for operator ibm-licensing-operator-app in ibm-licensing namespace[0m
[32m[✔] CatalogSource ibm-licensing-catalog from openshift-marketplace CatalogSourceNamespace is available for ibm-licensing-operator-app in ibm-licensing namespace[0m
[34m# Installing licensing
[0m
[33m[✗] There is an ibm-licensing-operator-app Subscription already, so will upgrade it
[0m
[34m# Checking whether Namespace ibm-licensing exist...[0m
[32m[✔] Namespace ibm-licensing already exists. Skip creating
[0m
[34m# Checking whether OperatorGroup in ibm-licensing exist...[0m
[32m[✔] OperatorGroup already exists in ibm-licensing. Skip creating
[0m
[34m# Updating ibm-licensing-operator-app in namesapce ibm-licensing...[0m
[INFO] v4.2 is equal to v4.2
[INFO] catalogsource ibm-licensing-catalog is the same as ibm-licensing-catalog
[INFO] ibm-licensing-operator-app has already updated channel v4.2 and catalogsource ibm-licensing-catalog in the subscription.
subscription.operators.coreos.com/ibm-licensing-operator-app configured
[32m[✔] Successfully patched subscription ibm-licensing-operator-app in ibm-licensing[0m
[INFO] Waiting for operator ibm-licensing-operator-app to be upgraded
[32m[✔] Operator ibm-licensing-operator-app is upgraded to latest version in channel v4.2
[0m
[INFO] Waiting for operator ibm-licensing-operator-app CSV in namespace ibm-licensing to be bound to Subscription
[32m[✔] Operator ibm-licensing-operator-app CSV in namespace ibm-licensing is bound to Subscription
[0m
[INFO] Waiting for operator ibm-licensing-operator in namespace ibm-licensing to become available
[32m[✔] Operator ibm-licensing-operator in namespace ibm-licensing is available
[0m
[INFO] Waiting for ibmlicensing instance to be present.
[32m[✔] ibmlicensing instance present
[0m
[34m# Accepting license for ibmlicensing instance in namespace ...[0m
[32m[✔] License accepted for ibmlicensing instance
[0m
[INFO] Checking cert manager readiness.
[INFO] Waiting for pod cert-manager-webhook to be running ...
[32m[✔] Pod cert-manager-webhook is running.
[0m
[34m#  Smoke test for Cert Manager existence...[0m
[INFO] Creating following issuer:

apiVersion: cert-manager.io/v1
kind: Issuer
metadata:
  name: test-issuer
  namespace: ibm-cert-manager
spec:
  selfSigned: {}

issuer.cert-manager.io/test-issuer created
[INFO] Creating following certificate:

apiVersion: cert-manager.io/v1
kind: Certificate
metadata:
  name: test-certificate
  namespace: ibm-cert-manager
spec:
  commonName: test-certificate
  issuerRef:
    kind: Issuer
    name: test-issuer
  secretName: test-certificate-secret

certificate.cert-manager.io/test-certificate created
[INFO] Waiting for Issuer test-issuer in namespace ibm-cert-manager to be Ready
[32m[✔] Issuer test-issuer in namespace ibm-cert-manager is Ready
[0m
[INFO] Waiting for Certificate test-certificate in namespace ibm-cert-manager to be Ready
[32m[✔] Certificate test-certificate in namespace ibm-cert-manager is Ready
[0m
[INFO] Deleting test-issuer Issuer ...
issuer.cert-manager.io "test-issuer" deleted

[INFO] Deleting test-certificate Certificate ...
certificate.cert-manager.io "test-certificate" deleted

[INFO] Deleting 109377secret_name Secret ...
secret "test-certificate-secret" deleted

[32m[✔] Cert manager is ready.[0m

[33;5m[INFO] [0mSETUP_SINGLETON_STATUS : 0

[33;5m[INFO] [0mThe setup_singleton.sh script was executed successfully, indicating that cert-manager is now present on the cluster.

[1mWaiting for the Cloud Pak for Business Automation operator to be ready. This may take a few minutes... [0m

ibm-cp4a-operator-catalog            ibm-cp4a-operator                       grpc   IBM                   21d
Found existing ibm operator catalog source, updating it
catalogsource.operators.coreos.com/ibm-cp4a-operator-catalog unchanged
catalogsource.operators.coreos.com/ibm-opencontent-flink unchanged
catalogsource.operators.coreos.com/ibm-opensearch-operator-catalog unchanged
catalogsource.operators.coreos.com/ibm-cert-manager-catalog unchanged
catalogsource.operators.coreos.com/ibm-licensing-catalog unchanged
catalogsource.operators.coreos.com/ibm-cs-install-catalog-v4-15-0 unchanged
catalogsource.operators.coreos.com/ibm-bts-operator-catalog-v3-35 unchanged
catalogsource.operators.coreos.com/ibm-iam-operator-catalog-4-14-0 unchanged
catalogsource.operators.coreos.com/ibm-zen-operator-catalog-6-2-0 unchanged
catalogsource.operators.coreos.com/ibm-events-operator-catalog-v5-2-1 unchanged
catalogsource.operators.coreos.com/ibm-fncm-operator-catalog unchanged
IBM Operator Catalog source updated!

[33;5m[INFO] [0mWaiting for CP4BA Operator Catalog pod initialization

[33;5m[INFO] [0mCP4BA Operator Catalog is running...
ibm-cp4a-operator-catalog-f4k9j                                   1/1   Running     0     21d
operatorgroup.operators.coreos.com/ibm-cp4a-operator-catalog-group created
CP4BA Operator Group Created!
subscription.operators.coreos.com/ibm-cp4a-operator-catalog-subscription created
CP4BA Operator Subscription Created!


[33;5m[INFO] [0mWaiting for CP4BA operator pod initialization
............................................................Timeout waiting for CP4BA operator to start
[1mCheck the status of Pod by issue cmd:[0m
oc describe pod ibm-cp4a-operator-74df4f6f75-b9x44 -n cp4ba-baw-bai-production

[1mCheck the status of ReplicaSet by issue cmd:[0m
oc describe rs ibm-cp4a-operator-74df4f6f75 -n cp4ba-baw-bai-production
