
***********************************************************************
[2026-05-13T11:58:44+0200] [INFO] Install CP4BA version '25.0.1' complete environment in namespace 'cp4ba-baw-auth-bai'
[2026-05-13T11:58:44+0200] [INFO] Started at Wed May 13 11:58:44 AM CEST 2026
***********************************************************************
[2026-05-13T11:58:44+0200] [INFO] Running with temporary folder '/tmp'
[2026-05-13T11:58:48+0200] [INFO] Installing case manager version '25.1.1' into folder '/tmp/cp4ba-pkmgr-inst-marco-21895'
[2026-05-13T11:58:56+0200] [INFO] Using CP4BA Case Manager v25.1.1 (Release/Patch version)
[2026-05-13T11:58:56+0200] [INFO] Release base                     '25.0.1'
[2026-05-13T11:58:56+0200] [INFO] CP4BA patch version              'IF001'
[2026-05-13T11:58:56+0200] [INFO] CP4BA CSV version                'v25.1.1'
[2026-05-13T11:58:56+0200] [INFO] Common services operator version 'v4.18.0'
[2026-05-13T11:58:56+0200] [INFO] Common services channel version  'v4.18'
[2026-05-13T11:58:56+0200] [INFO] Common services catalog version  'ibm-cs-install-catalog-v4-18-0'
[2026-05-13T11:58:56+0200] [INFO] Zen operator version             'v6.4.2'
[2026-05-13T11:58:56+0200] [INFO] BTS required version             '3.35.9'
[2026-05-13T11:58:56+0200] [INFO] PostgreSQL required version      '1.25.6'
==============================================================
[2026-05-13T11:58:56+0200] [INFO] Install CP4BA Operators in namespace 'cp4ba-baw-auth-bai'
==============================================================
[2026-05-13T11:59:06+0200] [INFO] Install with SCC anyuid
[2026-05-13T11:59:06+0200] [INFO] Executing 'cp4a-clusteradmin-setup.sh' script for namespace 'cp4ba-baw-auth-bai' (this operation can take 10 minutes or more)
[2026-05-13T12:34:40+0200] [INFO] CP4BA Operators installed at Wed May 13 12:34:40 PM CEST 2026, total installation time 35 minutes and 44 seconds.
==============================================================
[2026-05-13T12:34:40+0200] [INFO] Deploying CP4BA environment 'baw-auth-bai' in namespace 'cp4ba-baw-auth-bai'
[2026-05-13T12:34:40+0200] [INFO] Tag 'appVersion' is '25.0.1'
[2026-05-13T12:34:40+0200] [INFO] Running with temporary folder '/tmp'
[2026-05-13T12:34:45+0200] [INFO] ==============================================================
[2026-05-13T12:34:45+0200] [INFO] Installing LDAP
[2026-05-13T12:34:45+0200] [INFO] ==============================================================
[2026-05-13T12:34:45+0200] [INFO] Using LDIF ../configs25.0.1/_cfg-production-ldap-domain-100.ldif
[2026-05-13T12:34:45+0200] [INFO] Target namespace 'cp4ba-baw-auth-bai'

[2026-05-13T12:35:42+0200] [INFO] Your LDAP service url is 'vuxprod-ldap.cp4ba-baw-auth-bai.svc.cluster.local'
[2026-05-13T12:35:42+0200] [INFO] Full addresses
[2026-05-13T12:35:42+0200] [INFO]   ldap://vuxprod-ldap.cp4ba-baw-auth-bai.svc.cluster.local:389
[2026-05-13T12:35:42+0200] [INFO]   ldaps://vuxprod-ldap.cp4ba-baw-auth-bai.svc.cluster.local:636
[2026-05-13T12:35:42+0200] [INFO] LDAP installed.
[2026-05-13T12:35:42+0200] [INFO] Creating secrets in 'cp4ba-baw-auth-bai' namespace
[2026-05-13T12:35:42+0200] [INFO] Running with temporary folder '/tmp'
[2026-05-13T12:36:17+0200] [INFO] Creating config maps for BTS, IM, ZEN external Postgres database in 'cp4ba-baw-auth-bai' namespace
[2026-05-13T12:36:36+0200] [INFO] CR 'icp4adeploy' saved in file '../output/cp4ba-icp4adeploy-baw-auth-bai.yaml'
[2026-05-13T12:36:36+0200] [INFO] Deploying CR 'icp4adeploy'
[2026-05-13T12:36:39+0200] [INFO] Deploying '1' DB Clusters in namespace 'cp4ba-baw-auth-bai'
[2026-05-13T12:36:39+0200] [INFO] Running with temporary folder '/tmp'
[2026-05-13T12:36:39+0200] [INFO] Deploying DB Cluster 'my-postgres-1-for-cp4ba' in namespace 'cp4ba-baw-auth-bai'
[2026-05-13T12:36:51+0200] [INFO] Deployed statefulset name 'my-postgres-1-for-cp4ba' using image name 'postgres:18.1'
[2026-05-13T12:37:11+0200] [INFO] Deployed statefulset name 'my-postgres-1-for-cp4ba-ssl' using image name 'postgres:18.1'
==============================================================
[2026-05-13T12:37:23+0200] [INFO] Creating databases for '1' db servers
[2026-05-13T12:37:23+0200] [WARNING] Warning 'CP4BA_INST_DB_ZENBTSIM_EXT_1' for db 'my-postgres-1-for-cp4ba' is disabled, skipping configuration.
[2026-05-13T12:37:23+0200] [INFO] Installing 'CP4BA_INST_BAS_1' 
[2026-05-13T12:37:23+0200] [INFO] SQL statements for 'my-postgres-1-for-cp4ba' saved in file '../output/cp4ba-icp4adeploy-baw-auth-bai-db-statements-ref-baw-authoring.sql'
[2026-05-13T12:37:23+0200] [INFO] SQL statements generated using template '../templates-sql/db-statements-ref-baw-authoring.sql'
[2026-05-13T12:37:25+0200] [INFO] Wait for pod 'my-postgres-1-for-cp4ba-0' ready (may take minutes)
[2026-05-13T12:37:27+0200] [INFO] Database pod is ready, load and execute sql statements in 'my-postgres-1-for-cp4ba-0' db server
[2026-05-13T12:38:12+0200] [INFO] The SQL statements were executed successfully.
[2026-05-13T12:38:12+0200] [INFO] Created '21' databases.
[2026-05-13T12:38:12+0200] [INFO] SQL statements for 'my-postgres-1-for-cp4ba-ssl' saved in file '../output/cp4ba-icp4adeploy-baw-auth-bai-db-statements-ref-baw-authoring.sql'
[2026-05-13T12:38:12+0200] [INFO] SQL statements generated using template '../templates-sql/db-statements-ref-baw-authoring.sql'
[2026-05-13T12:38:14+0200] [INFO] Wait for pod 'my-postgres-1-for-cp4ba-ssl-0' ready (may take minutes)
[2026-05-13T12:38:16+0200] [INFO] Database pod is ready, load and execute sql statements in 'my-postgres-1-for-cp4ba-ssl-0' db server
[2026-05-13T12:39:01+0200] [INFO] The SQL statements were executed successfully.
[2026-05-13T12:39:01+0200] [INFO] Created '21' databases.
[2026-05-13T12:39:01+0200] [WARNING] Warning 'CP4BA_INST_BAW_1' for db 'my-postgres-1-for-cp4ba' is disabled, skipping configuration.
[2026-05-13T12:39:01+0200] [WARNING] Warning 'CP4BA_INST_CONTENT_1' for db 'my-postgres-1-for-cp4ba' is disabled, skipping configuration.
[2026-05-13T12:39:01+0200] [WARNING] Warning 'CP4BA_INST_ICN_1' for db 'my-postgres-1-for-cp4ba' is disabled, skipping configuration.
[2026-05-13T12:39:01+0200] [WARNING] Warning 'CP4BA_INST_DB_WFPS_EXT_1' for db 'my-postgres-1-for-cp4ba' is disabled, skipping configuration.
==============================================================
[2026-05-13T12:39:01+0200] [INFO] Configuration and deployment complete for CR 'icp4adeploy' in  namespace 'cp4ba-baw-auth-bai'
[2026-05-13T12:39:01+0200] [INFO] Waiting for CR configurations to complete.
