
***********************************************************************
[2026-05-12T15:54:03+0200] [INFO] Install CP4BA version '25.0.1' complete environment in namespace 'cp4ba-baw-auth-bai'
[2026-05-12T15:54:03+0200] [INFO] Started at Tue May 12 03:54:03 PM CEST 2026
***********************************************************************
[2026-05-12T15:54:03+0200] [INFO] Running with temporary folder '/tmp'
[2026-05-12T15:54:07+0200] [INFO] Installing case manager version '25.1.0' into folder '/tmp/cp4ba-pkmgr-inst-marco-18931'
[2026-05-12T15:54:25+0200] [INFO] Using CP4BA Case Manager v25.1.0 (Release/Patch version)
[2026-05-12T15:54:25+0200] [INFO] Release base                     '25.0.1'
[2026-05-12T15:54:25+0200] [INFO] CP4BA patch version              'GA'
[2026-05-12T15:54:25+0200] [INFO] CP4BA CSV version                'v25.1.0'
[2026-05-12T15:54:25+0200] [INFO] Common services operator version 'v4.15.0'
[2026-05-12T15:54:25+0200] [INFO] Common services channel version  'v4.15'
[2026-05-12T15:54:25+0200] [INFO] Common services catalog version  'ibm-cs-install-catalog-v4-15-0'
[2026-05-12T15:54:25+0200] [INFO] Zen operator version             'v6.2.2'
[2026-05-12T15:54:25+0200] [INFO] BTS required version             '3.35.6'
[2026-05-12T15:54:25+0200] [INFO] PostgreSQL required version      '1.25.3'
==============================================================
[2026-05-12T15:54:26+0200] [INFO] Install CP4BA Operators in namespace 'cp4ba-baw-auth-bai'
==============================================================
[2026-05-12T15:54:36+0200] [INFO] Install with SCC anyuid
[2026-05-12T15:54:36+0200] [INFO] Executing 'cp4a-clusteradmin-setup.sh' script for namespace 'cp4ba-baw-auth-bai' (this operation can take 10 minutes or more)
[2026-05-12T16:27:29+0200] [INFO] CP4BA Operators installed at Tue May 12 04:27:29 PM CEST 2026, total installation time 33 minutes and 3 seconds.
==============================================================
[2026-05-12T16:27:29+0200] [INFO] Deploying CP4BA environment 'baw-auth-bai' in namespace 'cp4ba-baw-auth-bai'
[2026-05-12T16:27:29+0200] [INFO] Tag 'appVersion' is '25.0.1'
[2026-05-12T16:27:29+0200] [INFO] Running with temporary folder '/tmp'
[2026-05-12T16:27:34+0200] [INFO] ==============================================================
[2026-05-12T16:27:34+0200] [INFO] Installing LDAP
[2026-05-12T16:27:34+0200] [INFO] ==============================================================
[2026-05-12T16:27:34+0200] [INFO] Using LDIF ../configs25.0.1/_cfg-production-ldap-domain-100.ldif
[2026-05-12T16:27:34+0200] [INFO] Target namespace 'cp4ba-baw-auth-bai'

[2026-05-12T16:28:33+0200] [INFO] Your LDAP service url is 'vuxprod-ldap.cp4ba-baw-auth-bai.svc.cluster.local'
[2026-05-12T16:28:33+0200] [INFO] Full addresses
[2026-05-12T16:28:33+0200] [INFO]   ldap://vuxprod-ldap.cp4ba-baw-auth-bai.svc.cluster.local:389
[2026-05-12T16:28:33+0200] [INFO]   ldaps://vuxprod-ldap.cp4ba-baw-auth-bai.svc.cluster.local:636
[2026-05-12T16:28:33+0200] [INFO] LDAP installed.
[2026-05-12T16:28:33+0200] [INFO] Creating secrets in 'cp4ba-baw-auth-bai' namespace
[2026-05-12T16:28:33+0200] [INFO] Running with temporary folder '/tmp'
[2026-05-12T16:29:11+0200] [INFO] Creating config maps for BTS, IM, ZEN external Postgres database in 'cp4ba-baw-auth-bai' namespace
[2026-05-12T16:29:29+0200] [INFO] CR 'icp4adeploy' saved in file '../output/cp4ba-icp4adeploy-baw-auth-bai.yaml'
[2026-05-12T16:29:29+0200] [INFO] Deploying CR 'icp4adeploy'
[2026-05-12T16:29:33+0200] [INFO] Deploying '1' DB Clusters in namespace 'cp4ba-baw-auth-bai'
[2026-05-12T16:29:33+0200] [INFO] Running with temporary folder '/tmp'
[2026-05-12T16:29:33+0200] [INFO] Deploying DB Cluster 'my-postgres-1-for-cp4ba' in namespace 'cp4ba-baw-auth-bai'
[2026-05-12T16:29:45+0200] [INFO] Deployed statefulset name 'my-postgres-1-for-cp4ba' using image name 'postgres:18.1'
[2026-05-12T16:30:06+0200] [INFO] Deployed statefulset name 'my-postgres-1-for-cp4ba-ssl' using image name 'postgres:18.1'
==============================================================
[2026-05-12T16:30:23+0200] [INFO] Creating databases for '1' db servers
[2026-05-12T16:30:23+0200] [WARNING] Warning 'CP4BA_INST_DB_ZENBTSIM_EXT_1' for db 'my-postgres-1-for-cp4ba' is disabled, skipping configuration.
[2026-05-12T16:30:23+0200] [INFO] Installing 'CP4BA_INST_BAS_1' 
[2026-05-12T16:30:24+0200] [INFO] SQL statements for 'my-postgres-1-for-cp4ba' saved in file '../output/cp4ba-icp4adeploy-baw-auth-bai-db-statements-ref-baw-authoring.sql'
[2026-05-12T16:30:24+0200] [INFO] SQL statements generated using template '../templates-sql/db-statements-ref-baw-authoring.sql'
[2026-05-12T16:30:25+0200] [INFO] Wait for pod 'my-postgres-1-for-cp4ba-0' ready (may take minutes)
[2026-05-12T16:30:27+0200] [INFO] Database pod is ready, load and execute sql statements in 'my-postgres-1-for-cp4ba-0' db server
[2026-05-12T16:31:13+0200] [INFO] The SQL statements were executed successfully.
[2026-05-12T16:31:13+0200] [INFO] Created '21' databases.
[2026-05-12T16:31:13+0200] [INFO] SQL statements for 'my-postgres-1-for-cp4ba-ssl' saved in file '../output/cp4ba-icp4adeploy-baw-auth-bai-db-statements-ref-baw-authoring.sql'
[2026-05-12T16:31:13+0200] [INFO] SQL statements generated using template '../templates-sql/db-statements-ref-baw-authoring.sql'
[2026-05-12T16:31:15+0200] [INFO] Wait for pod 'my-postgres-1-for-cp4ba-ssl-0' ready (may take minutes)
[2026-05-12T16:31:17+0200] [INFO] Database pod is ready, load and execute sql statements in 'my-postgres-1-for-cp4ba-ssl-0' db server
[2026-05-12T16:32:04+0200] [INFO] The SQL statements were executed successfully.
[2026-05-12T16:32:04+0200] [INFO] Created '21' databases.
[2026-05-12T16:32:04+0200] [WARNING] Warning 'CP4BA_INST_BAW_1' for db 'my-postgres-1-for-cp4ba' is disabled, skipping configuration.
[2026-05-12T16:32:04+0200] [WARNING] Warning 'CP4BA_INST_CONTENT_1' for db 'my-postgres-1-for-cp4ba' is disabled, skipping configuration.
[2026-05-12T16:32:04+0200] [WARNING] Warning 'CP4BA_INST_ICN_1' for db 'my-postgres-1-for-cp4ba' is disabled, skipping configuration.
[2026-05-12T16:32:04+0200] [WARNING] Warning 'CP4BA_INST_DB_WFPS_EXT_1' for db 'my-postgres-1-for-cp4ba' is disabled, skipping configuration.
==============================================================
[2026-05-12T16:32:04+0200] [INFO] Configuration and deployment complete for CR 'icp4adeploy' in  namespace 'cp4ba-baw-auth-bai'
[2026-05-12T16:32:04+0200] [INFO] Waiting for CR configurations to complete.

[2026-05-12T18:06:10+0200] [INFO]   saving access-info data for key: "bai-access-info"
[2026-05-12T18:06:10+0200] [INFO]   saving access-info data for key: "bastudio-access-info"
[2026-05-12T18:06:10+0200] [INFO]   saving access-info data for key: "cmis-access-info"
[2026-05-12T18:06:10+0200] [INFO]   saving access-info data for key: "cpe-access-info"
[2026-05-12T18:06:10+0200] [INFO]   saving access-info data for key: "cpe_legacy_routes_stateful_access_info"
[2026-05-12T18:06:10+0200] [INFO]   saving access-info data for key: "cpe_legacy_routes_stateless_access_info"
[2026-05-12T18:06:10+0200] [INFO]   saving access-info data for key: "graphql-access-info"
[2026-05-12T18:06:10+0200] [INFO]   saving access-info data for key: "navigator-access-info"
[2026-05-12T18:06:14+0200] [INFO] Platform URLs stored in: ../output/cp4ba-icp4adeploy-baw-auth-bai-access-info.txt
[2026-05-12T18:06:14+0200] [INFO] CR 'icp4adeploy' is ready.
==============================================================
[2026-05-12T18:07:03+0200] [INFO] Configuring BAI Workforce 'cp4ba-baw-auth-bai' namespace
[2026-05-12T18:07:03+0200] [INFO] Running with temporary folder '/tmp'
TBD: if runtime deployment iterate on BAWs if more than one...
[2026-05-12T18:07:08+0200] [INFO] Using console route name [platform-id-provider]
[2026-05-12T18:08:16+0200] [WARNING] [✗] WARNING: _createBAIWorkforceConfiguration GenAI not yet implemented for 'production' type deployment.
[2026-05-12T18:08:16+0200] [INFO] CP4BA environment 'baw-auth-bai' in namespace 'cp4ba-baw-auth-bai' is \x1b[5mREADY\x1b[25m
==============================================================
[2026-05-12T18:08:16+0200] [INFO] CP4BA Onboarding users
==============================================================
Onboard users from domain 'vuxprod' for namespace 'cp4ba-baw-auth-bai'
==============================================================
[2026-05-12T18:08:16+0200] [INFO] Running with temporary folder '/tmp'
[2026-05-12T18:08:18+0200] [INFO] Using console route name 'platform-id-provider'
[2026-05-12T18:08:18+0200] [INFO] Wait for resource 'platform-auth-idp-credentials' in namespace 'cp4ba-baw-auth-bai' to be created
[2026-05-12T18:08:19+0200] [INFO] Wait for resource 'cpd' in namespace 'cp4ba-baw-auth-bai' to be created
[2026-05-12T18:08:33+0200] [INFO] Pak console: 'https://cpd-cp4ba-baw-auth-bai.apps.itz-sj74f4.infra01-lb.syd05.techzone.ibm.com'
[2026-05-12T18:08:33+0200] [INFO] Pak cpd console: 'https://cpd-cp4ba-baw-auth-bai.apps.itz-sj74f4.infra01-lb.syd05.techzone.ibm.com'
[2026-05-12T18:08:33+0200] [INFO] Pak administrator: cpadmin / ISpwAd3fH36fGleslcXpL7TfUyYzUIQG
[2026-05-12T18:08:33+0200] [INFO] Loading users from secret 'vuxprod-customldif'
[2026-05-12T18:08:47+0200] [ERROR] ERROR secret 'vuxprod-customldif' not found in namespace 'cp4ba-baw-auth-bai'
[2026-05-12T18:08:47+0200] [INFO] ***********************************************************************
[2026-05-12T18:08:47+0200] [INFO] [✔] Installation completed successfully for environment 'baw-auth-bai' !!!
[2026-05-12T18:08:47+0200] [INFO] Terminated at Tue
[2026-05-12T18:08:47+0200] [INFO] Verifying pod status and Case initialization logs...
[2026-05-12T18:08:58+0200] [INFO] \x1B[1mPlease note, some pods may be not yet ready. Check before using the system.

[2026-05-12T18:09:00+0200] [INFO] For pod status run manually: oc get pods -n cp4ba-baw-auth-bai | grep Pending
[2026-05-12T18:09:00+0200] [WARNING] PAY ATTENTION: The case completion job may take more time to complete
[2026-05-12T18:09:00+0200] [INFO] To verify the completion of Case subsys. installation access Job log, the pod name is something like '...case-init-job...'
[2026-05-12T18:09:00+0200] [INFO] For Case initialization log/status/errors run manually:
[2026-05-12T18:09:00+0200] [INFO]   logs   : oc logs -n cp4ba-baw-auth-bai $(oc get pods -n cp4ba-baw-auth-bai | grep case-init-job | awk '{print $1}')
[2026-05-12T18:09:00+0200] [INFO]   errors : oc logs -n cp4ba-baw-auth-bai $(oc get pods -n cp4ba-baw-auth-bai | grep case-init-job | awk '{print $1}') | egrep 'SEVERE|Exception'
[2026-05-12T18:09:00+0200] [INFO]   success: oc logs -n cp4ba-baw-auth-bai $(oc get pods -n cp4ba-baw-auth-bai | grep case-init-job | awk '{print $1}') | grep 'INFO: Configuration Completed'
[2026-05-12T18:09:00+0200] [INFO] ***********************************************************************
\n
[2026-05-12T18:09:00+0200] [INFO] Removing temporary folder: '/tmp/cp4ba-pkmgr-inst-marco-18931'
